  Project_C.cpp
c:\users\ali\desktop\project_c\project_c\cells.h(40): warning C4244: 'return': conversion from 'double' to 'int', possible loss of data
c:\users\ali\desktop\project_c\project_c\cells.h(282): warning C4101: 'j': unreferenced local variable
c:\users\ali\desktop\project_c\project_c\cells.h(282): warning C4101: 'i': unreferenced local variable
c:\users\ali\desktop\project_c\project_c\cells.h(487): warning C4018: '<': signed/unsigned mismatch
c:\users\ali\desktop\project_c\project_c\cells.h(512): warning C4018: '<': signed/unsigned mismatch
c:\users\ali\desktop\project_c\project_c\cells.h(532): warning C4018: '<': signed/unsigned mismatch
c:\users\ali\desktop\project_c\project_c\cells.h(548): warning C4018: '<': signed/unsigned mismatch
c:\users\ali\desktop\project_c\project_c\cells.h(472): warning C4996: 'getch': The POSIX name for this item is deprecated. Instead, use the ISO C and C++ conformant name: _getch. See online help for details.
  c:\program files (x86)\windows kits\10\include\10.0.10240.0\ucrt\conio.h(452): note: see declaration of 'getch'
c:\users\ali\desktop\project_c\project_c\cells.h(477): warning C4996: 'scanf': This function or variable may be unsafe. Consider using scanf_s instead. To disable deprecation, use _CRT_SECURE_NO_WARNINGS. See online help for details.
  c:\program files (x86)\windows kits\10\include\10.0.10240.0\ucrt\stdio.h(1270): note: see declaration of 'scanf'
c:\users\ali\desktop\project_c\project_c\cells.h(478): warning C4996: 'strcat': This function or variable may be unsafe. Consider using strcat_s instead. To disable deprecation, use _CRT_SECURE_NO_WARNINGS. See online help for details.
  c:\program files (x86)\windows kits\10\include\10.0.10240.0\ucrt\string.h(90): note: see declaration of 'strcat'
c:\users\ali\desktop\project_c\project_c\cells.h(479): warning C4996: 'fopen': This function or variable may be unsafe. Consider using fopen_s instead. To disable deprecation, use _CRT_SECURE_NO_WARNINGS. See online help for details.
  c:\program files (x86)\windows kits\10\include\10.0.10240.0\ucrt\stdio.h(205): note: see declaration of 'fopen'
c:\users\ali\desktop\project_c\project_c\cells.h(524): warning C4996: 'scanf': This function or variable may be unsafe. Consider using scanf_s instead. To disable deprecation, use _CRT_SECURE_NO_WARNINGS. See online help for details.
  c:\program files (x86)\windows kits\10\include\10.0.10240.0\ucrt\stdio.h(1270): note: see declaration of 'scanf'
c:\users\ali\desktop\project_c\project_c\cells.h(525): warning C4996: 'strcat': This function or variable may be unsafe. Consider using strcat_s instead. To disable deprecation, use _CRT_SECURE_NO_WARNINGS. See online help for details.
  c:\program files (x86)\windows kits\10\include\10.0.10240.0\ucrt\string.h(90): note: see declaration of 'strcat'
c:\users\ali\desktop\project_c\project_c\cells.h(526): warning C4996: 'fopen': This function or variable may be unsafe. Consider using fopen_s instead. To disable deprecation, use _CRT_SECURE_NO_WARNINGS. See online help for details.
  c:\program files (x86)\windows kits\10\include\10.0.10240.0\ucrt\stdio.h(205): note: see declaration of 'fopen'
c:\users\ali\desktop\project_c\project_c\cells.h(652): warning C4996: 'getch': The POSIX name for this item is deprecated. Instead, use the ISO C and C++ conformant name: _getch. See online help for details.
  c:\program files (x86)\windows kits\10\include\10.0.10240.0\ucrt\conio.h(452): note: see declaration of 'getch'
c:\users\ali\desktop\project_c\project_c\cells.h(663): warning C4996: 'getch': The POSIX name for this item is deprecated. Instead, use the ISO C and C++ conformant name: _getch. See online help for details.
  c:\program files (x86)\windows kits\10\include\10.0.10240.0\ucrt\conio.h(452): note: see declaration of 'getch'
c:\users\ali\desktop\project_c\project_c\cells.h(673): warning C4996: 'getch': The POSIX name for this item is deprecated. Instead, use the ISO C and C++ conformant name: _getch. See online help for details.
  c:\program files (x86)\windows kits\10\include\10.0.10240.0\ucrt\conio.h(452): note: see declaration of 'getch'
c:\users\ali\desktop\project_c\project_c\cells.h(612): warning C4101: 'j': unreferenced local variable
c:\users\ali\desktop\project_c\project_c\cells.h(695): warning C4996: 'getch': The POSIX name for this item is deprecated. Instead, use the ISO C and C++ conformant name: _getch. See online help for details.
  c:\program files (x86)\windows kits\10\include\10.0.10240.0\ucrt\conio.h(452): note: see declaration of 'getch'
c:\users\ali\desktop\project_c\project_c\cells.h(710): warning C4996: 'getch': The POSIX name for this item is deprecated. Instead, use the ISO C and C++ conformant name: _getch. See online help for details.
  c:\program files (x86)\windows kits\10\include\10.0.10240.0\ucrt\conio.h(452): note: see declaration of 'getch'
c:\users\ali\desktop\project_c\project_c\cells.h(720): warning C4996: 'getch': The POSIX name for this item is deprecated. Instead, use the ISO C and C++ conformant name: _getch. See online help for details.
  c:\program files (x86)\windows kits\10\include\10.0.10240.0\ucrt\conio.h(452): note: see declaration of 'getch'
c:\users\ali\desktop\project_c\project_c\cells.h(730): warning C4996: 'getch': The POSIX name for this item is deprecated. Instead, use the ISO C and C++ conformant name: _getch. See online help for details.
  c:\program files (x86)\windows kits\10\include\10.0.10240.0\ucrt\conio.h(452): note: see declaration of 'getch'
c:\users\ali\desktop\project_c\project_c\cells.h(685): warning C4101: 'j': unreferenced local variable
c:\users\ali\desktop\project_c\project_c\cells.h(747): warning C4996: 'getch': The POSIX name for this item is deprecated. Instead, use the ISO C and C++ conformant name: _getch. See online help for details.
  c:\program files (x86)\windows kits\10\include\10.0.10240.0\ucrt\conio.h(452): note: see declaration of 'getch'
c:\users\ali\desktop\project_c\project_c\cells.h(791): warning C4996: 'getch': The POSIX name for this item is deprecated. Instead, use the ISO C and C++ conformant name: _getch. See online help for details.
  c:\program files (x86)\windows kits\10\include\10.0.10240.0\ucrt\conio.h(452): note: see declaration of 'getch'
c:\users\ali\desktop\project_c\project_c\cells.h(809): warning C4996: 'getch': The POSIX name for this item is deprecated. Instead, use the ISO C and C++ conformant name: _getch. See online help for details.
  c:\program files (x86)\windows kits\10\include\10.0.10240.0\ucrt\conio.h(452): note: see declaration of 'getch'
c:\users\ali\desktop\project_c\project_c\cells.h(877): warning C4018: '>=': signed/unsigned mismatch
c:\users\ali\desktop\project_c\project_c\cells.h(876): warning C4996: 'scanf': This function or variable may be unsafe. Consider using scanf_s instead. To disable deprecation, use _CRT_SECURE_NO_WARNINGS. See online help for details.
  c:\program files (x86)\windows kits\10\include\10.0.10240.0\ucrt\stdio.h(1270): note: see declaration of 'scanf'
c:\users\ali\desktop\project_c\project_c\cells.h(880): warning C4996: 'getch': The POSIX name for this item is deprecated. Instead, use the ISO C and C++ conformant name: _getch. See online help for details.
  c:\program files (x86)\windows kits\10\include\10.0.10240.0\ucrt\conio.h(452): note: see declaration of 'getch'
c:\users\ali\desktop\project_c\project_c\cells.h(870): warning C4101: 'j': unreferenced local variable
c:\users\ali\desktop\project_c\project_c\cells.h(992): warning C4018: '>=': signed/unsigned mismatch
c:\users\ali\desktop\project_c\project_c\cells.h(1019): warning C4018: '>=': signed/unsigned mismatch
c:\users\ali\desktop\project_c\project_c\cells.h(1045): warning C4018: '>=': signed/unsigned mismatch
c:\users\ali\desktop\project_c\project_c\cells.h(1085): warning C4018: '>=': signed/unsigned mismatch
c:\users\ali\desktop\project_c\project_c\cells.h(925): warning C4996: 'scanf': This function or variable may be unsafe. Consider using scanf_s instead. To disable deprecation, use _CRT_SECURE_NO_WARNINGS. See online help for details.
  c:\program files (x86)\windows kits\10\include\10.0.10240.0\ucrt\stdio.h(1270): note: see declaration of 'scanf'
c:\users\ali\desktop\project_c\project_c\cells.h(931): warning C4996: 'scanf': This function or variable may be unsafe. Consider using scanf_s instead. To disable deprecation, use _CRT_SECURE_NO_WARNINGS. See online help for details.
  c:\program files (x86)\windows kits\10\include\10.0.10240.0\ucrt\stdio.h(1270): note: see declaration of 'scanf'
c:\users\ali\desktop\project_c\project_c\cells.h(934): warning C4996: 'getch': The POSIX name for this item is deprecated. Instead, use the ISO C and C++ conformant name: _getch. See online help for details.
  c:\program files (x86)\windows kits\10\include\10.0.10240.0\ucrt\conio.h(452): note: see declaration of 'getch'
c:\users\ali\desktop\project_c\project_c\cells.h(941): warning C4996: 'scanf': This function or variable may be unsafe. Consider using scanf_s instead. To disable deprecation, use _CRT_SECURE_NO_WARNINGS. See online help for details.
  c:\program files (x86)\windows kits\10\include\10.0.10240.0\ucrt\stdio.h(1270): note: see declaration of 'scanf'
c:\users\ali\desktop\project_c\project_c\cells.h(946): warning C4996: 'getch': The POSIX name for this item is deprecated. Instead, use the ISO C and C++ conformant name: _getch. See online help for details.
  c:\program files (x86)\windows kits\10\include\10.0.10240.0\ucrt\conio.h(452): note: see declaration of 'getch'
c:\users\ali\desktop\project_c\project_c\cells.h(954): warning C4996: 'scanf': This function or variable may be unsafe. Consider using scanf_s instead. To disable deprecation, use _CRT_SECURE_NO_WARNINGS. See online help for details.
  c:\program files (x86)\windows kits\10\include\10.0.10240.0\ucrt\stdio.h(1270): note: see declaration of 'scanf'
c:\users\ali\desktop\project_c\project_c\cells.h(959): warning C4996: 'getch': The POSIX name for this item is deprecated. Instead, use the ISO C and C++ conformant name: _getch. See online help for details.
  c:\program files (x86)\windows kits\10\include\10.0.10240.0\ucrt\conio.h(452): note: see declaration of 'getch'
c:\users\ali\desktop\project_c\project_c\cells.h(967): warning C4996: 'scanf': This function or variable may be unsafe. Consider using scanf_s instead. To disable deprecation, use _CRT_SECURE_NO_WARNINGS. See online help for details.
  c:\program files (x86)\windows kits\10\include\10.0.10240.0\ucrt\stdio.h(1270): note: see declaration of 'scanf'
c:\users\ali\desktop\project_c\project_c\cells.h(972): warning C4996: 'getch': The POSIX name for this item is deprecated. Instead, use the ISO C and C++ conformant name: _getch. See online help for details.
  c:\program files (x86)\windows kits\10\include\10.0.10240.0\ucrt\conio.h(452): note: see declaration of 'getch'
c:\users\ali\desktop\project_c\project_c\cells.h(978): warning C4996: 'getch': The POSIX name for this item is deprecated. Instead, use the ISO C and C++ conformant name: _getch. See online help for details.
  c:\program files (x86)\windows kits\10\include\10.0.10240.0\ucrt\conio.h(452): note: see declaration of 'getch'
c:\users\ali\desktop\project_c\project_c\cells.h(990): warning C4996: 'scanf': This function or variable may be unsafe. Consider using scanf_s instead. To disable deprecation, use _CRT_SECURE_NO_WARNINGS. See online help for details.
  c:\program files (x86)\windows kits\10\include\10.0.10240.0\ucrt\stdio.h(1270): note: see declaration of 'scanf'
c:\users\ali\desktop\project_c\project_c\cells.h(998): warning C4996: 'getch': The POSIX name for this item is deprecated. Instead, use the ISO C and C++ conformant name: _getch. See online help for details.
  c:\program files (x86)\windows kits\10\include\10.0.10240.0\ucrt\conio.h(452): note: see declaration of 'getch'
c:\users\ali\desktop\project_c\project_c\cells.h(1005): warning C4477: 'scanf' : format string '%d' requires an argument of type 'int *', but variadic argument 1 has type 'unsigned char *'
  c:\users\ali\desktop\project_c\project_c\cells.h(1005): note: consider using '%hhd' in the format string
c:\users\ali\desktop\project_c\project_c\cells.h(1005): warning C4996: 'scanf': This function or variable may be unsafe. Consider using scanf_s instead. To disable deprecation, use _CRT_SECURE_NO_WARNINGS. See online help for details.
  c:\program files (x86)\windows kits\10\include\10.0.10240.0\ucrt\stdio.h(1270): note: see declaration of 'scanf'
c:\users\ali\desktop\project_c\project_c\cells.h(1017): warning C4996: 'scanf': This function or variable may be unsafe. Consider using scanf_s instead. To disable deprecation, use _CRT_SECURE_NO_WARNINGS. See online help for details.
  c:\program files (x86)\windows kits\10\include\10.0.10240.0\ucrt\stdio.h(1270): note: see declaration of 'scanf'
c:\users\ali\desktop\project_c\project_c\cells.h(1025): warning C4996: 'getch': The POSIX name for this item is deprecated. Instead, use the ISO C and C++ conformant name: _getch. See online help for details.
  c:\program files (x86)\windows kits\10\include\10.0.10240.0\ucrt\conio.h(452): note: see declaration of 'getch'
c:\users\ali\desktop\project_c\project_c\cells.h(1043): warning C4996: 'scanf': This function or variable may be unsafe. Consider using scanf_s instead. To disable deprecation, use _CRT_SECURE_NO_WARNINGS. See online help for details.
  c:\program files (x86)\windows kits\10\include\10.0.10240.0\ucrt\stdio.h(1270): note: see declaration of 'scanf'
c:\users\ali\desktop\project_c\project_c\cells.h(1051): warning C4996: 'getch': The POSIX name for this item is deprecated. Instead, use the ISO C and C++ conformant name: _getch. See online help for details.
  c:\program files (x86)\windows kits\10\include\10.0.10240.0\ucrt\conio.h(452): note: see declaration of 'getch'
c:\users\ali\desktop\project_c\project_c\cells.h(1083): warning C4996: 'scanf': This function or variable may be unsafe. Consider using scanf_s instead. To disable deprecation, use _CRT_SECURE_NO_WARNINGS. See online help for details.
  c:\program files (x86)\windows kits\10\include\10.0.10240.0\ucrt\stdio.h(1270): note: see declaration of 'scanf'
c:\users\ali\desktop\project_c\project_c\cells.h(1091): warning C4996: 'getch': The POSIX name for this item is deprecated. Instead, use the ISO C and C++ conformant name: _getch. See online help for details.
  c:\program files (x86)\windows kits\10\include\10.0.10240.0\ucrt\conio.h(452): note: see declaration of 'getch'
c:\users\ali\desktop\project_c\project_c\cells.h(1115): warning C4996: 'getch': The POSIX name for this item is deprecated. Instead, use the ISO C and C++ conformant name: _getch. See online help for details.
  c:\program files (x86)\windows kits\10\include\10.0.10240.0\ucrt\conio.h(452): note: see declaration of 'getch'
c:\users\ali\desktop\project_c\project_c\cells.h(914): warning C4101: 'c': unreferenced local variable
c:\users\ali\desktop\project_c\project_c\multiplayer.h(108): warning C4996: 'fdopen': The POSIX name for this item is deprecated. Instead, use the ISO C and C++ conformant name: _fdopen. See online help for details.
  c:\program files (x86)\windows kits\10\include\10.0.10240.0\ucrt\stdio.h(2448): note: see declaration of 'fdopen'
c:\users\ali\desktop\project_c\project_c\multiplayer.h(112): warning C4996: 'fdopen': The POSIX name for this item is deprecated. Instead, use the ISO C and C++ conformant name: _fdopen. See online help for details.
  c:\program files (x86)\windows kits\10\include\10.0.10240.0\ucrt\stdio.h(2448): note: see declaration of 'fdopen'
c:\users\ali\desktop\project_c\project_c\multiplayer.h(113): warning C4996: 'fscanf': This function or variable may be unsafe. Consider using fscanf_s instead. To disable deprecation, use _CRT_SECURE_NO_WARNINGS. See online help for details.
  c:\program files (x86)\windows kits\10\include\10.0.10240.0\ucrt\stdio.h(1193): note: see declaration of 'fscanf'
c:\users\ali\desktop\project_c\project_c\multiplayer.h(140): warning C4996: 'fdopen': The POSIX name for this item is deprecated. Instead, use the ISO C and C++ conformant name: _fdopen. See online help for details.
  c:\program files (x86)\windows kits\10\include\10.0.10240.0\ucrt\stdio.h(2448): note: see declaration of 'fdopen'
c:\users\ali\desktop\project_c\project_c\multiplayer.h(144): warning C4996: 'fdopen': The POSIX name for this item is deprecated. Instead, use the ISO C and C++ conformant name: _fdopen. See online help for details.
  c:\program files (x86)\windows kits\10\include\10.0.10240.0\ucrt\stdio.h(2448): note: see declaration of 'fdopen'
c:\users\ali\desktop\project_c\project_c\multiplayer.h(145): warning C4996: 'fscanf': This function or variable may be unsafe. Consider using fscanf_s instead. To disable deprecation, use _CRT_SECURE_NO_WARNINGS. See online help for details.
  c:\program files (x86)\windows kits\10\include\10.0.10240.0\ucrt\stdio.h(1193): note: see declaration of 'fscanf'
c:\users\ali\desktop\project_c\project_c\multiplayer.h(155): warning C4996: 'fdopen': The POSIX name for this item is deprecated. Instead, use the ISO C and C++ conformant name: _fdopen. See online help for details.
  c:\program files (x86)\windows kits\10\include\10.0.10240.0\ucrt\stdio.h(2448): note: see declaration of 'fdopen'
c:\users\ali\desktop\project_c\project_c\multiplayer.h(159): warning C4996: 'fdopen': The POSIX name for this item is deprecated. Instead, use the ISO C and C++ conformant name: _fdopen. See online help for details.
  c:\program files (x86)\windows kits\10\include\10.0.10240.0\ucrt\stdio.h(2448): note: see declaration of 'fdopen'
c:\users\ali\desktop\project_c\project_c\multiplayer.h(161): warning C4996: 'fscanf': This function or variable may be unsafe. Consider using fscanf_s instead. To disable deprecation, use _CRT_SECURE_NO_WARNINGS. See online help for details.
  c:\program files (x86)\windows kits\10\include\10.0.10240.0\ucrt\stdio.h(1193): note: see declaration of 'fscanf'
c:\users\ali\desktop\project_c\project_c\multi_player.h(95): warning C4996: 'getch': The POSIX name for this item is deprecated. Instead, use the ISO C and C++ conformant name: _getch. See online help for details.
  c:\program files (x86)\windows kits\10\include\10.0.10240.0\ucrt\conio.h(452): note: see declaration of 'getch'
c:\users\ali\desktop\project_c\project_c\multi_player.h(110): warning C4996: 'getch': The POSIX name for this item is deprecated. Instead, use the ISO C and C++ conformant name: _getch. See online help for details.
  c:\program files (x86)\windows kits\10\include\10.0.10240.0\ucrt\conio.h(452): note: see declaration of 'getch'
c:\users\ali\desktop\project_c\project_c\multi_player.h(120): warning C4996: 'getch': The POSIX name for this item is deprecated. Instead, use the ISO C and C++ conformant name: _getch. See online help for details.
  c:\program files (x86)\windows kits\10\include\10.0.10240.0\ucrt\conio.h(452): note: see declaration of 'getch'
c:\users\ali\desktop\project_c\project_c\multi_player.h(130): warning C4996: 'getch': The POSIX name for this item is deprecated. Instead, use the ISO C and C++ conformant name: _getch. See online help for details.
  c:\program files (x86)\windows kits\10\include\10.0.10240.0\ucrt\conio.h(452): note: see declaration of 'getch'
c:\users\ali\desktop\project_c\project_c\multi_player.h(146): warning C4996: 'getch': The POSIX name for this item is deprecated. Instead, use the ISO C and C++ conformant name: _getch. See online help for details.
  c:\program files (x86)\windows kits\10\include\10.0.10240.0\ucrt\conio.h(452): note: see declaration of 'getch'
c:\users\ali\desktop\project_c\project_c\multi_player.h(161): warning C4996: 'getch': The POSIX name for this item is deprecated. Instead, use the ISO C and C++ conformant name: _getch. See online help for details.
  c:\program files (x86)\windows kits\10\include\10.0.10240.0\ucrt\conio.h(452): note: see declaration of 'getch'
c:\users\ali\desktop\project_c\project_c\multi_player.h(171): warning C4996: 'getch': The POSIX name for this item is deprecated. Instead, use the ISO C and C++ conformant name: _getch. See online help for details.
  c:\program files (x86)\windows kits\10\include\10.0.10240.0\ucrt\conio.h(452): note: see declaration of 'getch'
c:\users\ali\desktop\project_c\project_c\multi_player.h(85): warning C4101: 'j': unreferenced local variable
c:\users\ali\desktop\project_c\project_c\multi_player.h(188): warning C4996: 'getch': The POSIX name for this item is deprecated. Instead, use the ISO C and C++ conformant name: _getch. See online help for details.
  c:\program files (x86)\windows kits\10\include\10.0.10240.0\ucrt\conio.h(452): note: see declaration of 'getch'
c:\users\ali\desktop\project_c\project_c\multi_player.h(250): warning C4996: 'getch': The POSIX name for this item is deprecated. Instead, use the ISO C and C++ conformant name: _getch. See online help for details.
  c:\program files (x86)\windows kits\10\include\10.0.10240.0\ucrt\conio.h(452): note: see declaration of 'getch'
c:\users\ali\desktop\project_c\project_c\multi_player.h(286): warning C4996: 'getch': The POSIX name for this item is deprecated. Instead, use the ISO C and C++ conformant name: _getch. See online help for details.
  c:\program files (x86)\windows kits\10\include\10.0.10240.0\ucrt\conio.h(452): note: see declaration of 'getch'
c:\users\ali\desktop\project_c\project_c\multi_player.h(303): warning C4996: 'getch': The POSIX name for this item is deprecated. Instead, use the ISO C and C++ conformant name: _getch. See online help for details.
  c:\program files (x86)\windows kits\10\include\10.0.10240.0\ucrt\conio.h(452): note: see declaration of 'getch'
c:\users\ali\desktop\project_c\project_c\multi_player.h(357): warning C4996: 'scanf': This function or variable may be unsafe. Consider using scanf_s instead. To disable deprecation, use _CRT_SECURE_NO_WARNINGS. See online help for details.
  c:\program files (x86)\windows kits\10\include\10.0.10240.0\ucrt\stdio.h(1270): note: see declaration of 'scanf'
c:\users\ali\desktop\project_c\project_c\multi_player.h(361): warning C4996: 'getch': The POSIX name for this item is deprecated. Instead, use the ISO C and C++ conformant name: _getch. See online help for details.
  c:\program files (x86)\windows kits\10\include\10.0.10240.0\ucrt\conio.h(452): note: see declaration of 'getch'
c:\users\ali\desktop\project_c\project_c\multi_player.h(351): warning C4101: 'j': unreferenced local variable
c:\users\ali\desktop\project_c\project_c\multi_player.h(401): warning C4996: 'getch': The POSIX name for this item is deprecated. Instead, use the ISO C and C++ conformant name: _getch. See online help for details.
  c:\program files (x86)\windows kits\10\include\10.0.10240.0\ucrt\conio.h(452): note: see declaration of 'getch'
c:\users\ali\desktop\project_c\project_c\multi_player.h(395): warning C4101: 'j': unreferenced local variable
c:\users\ali\desktop\project_c\project_c\multi_player.h(395): warning C4101: 'i': unreferenced local variable
c:\users\ali\desktop\project_c\project_c\multi_player.h(429): warning C4996: 'getch': The POSIX name for this item is deprecated. Instead, use the ISO C and C++ conformant name: _getch. See online help for details.
  c:\program files (x86)\windows kits\10\include\10.0.10240.0\ucrt\conio.h(452): note: see declaration of 'getch'
c:\users\ali\desktop\project_c\project_c\multi_player.h(466): warning C4996: 'getch': The POSIX name for this item is deprecated. Instead, use the ISO C and C++ conformant name: _getch. See online help for details.
  c:\program files (x86)\windows kits\10\include\10.0.10240.0\ucrt\conio.h(452): note: see declaration of 'getch'
c:\users\ali\desktop\project_c\project_c\project_c.cpp(39): warning C4244: 'argument': conversion from 'time_t' to 'unsigned int', possible loss of data
c:\users\ali\desktop\project_c\project_c\project_c.cpp(46): warning C4018: '<': signed/unsigned mismatch
c:\users\ali\desktop\project_c\project_c\project_c.cpp(55): warning C4996: 'getch': The POSIX name for this item is deprecated. Instead, use the ISO C and C++ conformant name: _getch. See online help for details.
  c:\program files (x86)\windows kits\10\include\10.0.10240.0\ucrt\conio.h(452): note: see declaration of 'getch'
c:\users\ali\desktop\project_c\project_c\project_c.cpp(67): warning C4996: 'scanf': This function or variable may be unsafe. Consider using scanf_s instead. To disable deprecation, use _CRT_SECURE_NO_WARNINGS. See online help for details.
  c:\program files (x86)\windows kits\10\include\10.0.10240.0\ucrt\stdio.h(1270): note: see declaration of 'scanf'
c:\users\ali\desktop\project_c\project_c\project_c.cpp(137): warning C4018: '<': signed/unsigned mismatch
c:\users\ali\desktop\project_c\project_c\project_c.cpp(191): warning C4018: '<': signed/unsigned mismatch
c:\users\ali\desktop\project_c\project_c\project_c.cpp(199): warning C4018: '<': signed/unsigned mismatch
c:\users\ali\desktop\project_c\project_c\project_c.cpp(106): warning C4996: 'getch': The POSIX name for this item is deprecated. Instead, use the ISO C and C++ conformant name: _getch. See online help for details.
  c:\program files (x86)\windows kits\10\include\10.0.10240.0\ucrt\conio.h(452): note: see declaration of 'getch'
c:\users\ali\desktop\project_c\project_c\project_c.cpp(112): warning C4996: 'scanf': This function or variable may be unsafe. Consider using scanf_s instead. To disable deprecation, use _CRT_SECURE_NO_WARNINGS. See online help for details.
  c:\program files (x86)\windows kits\10\include\10.0.10240.0\ucrt\stdio.h(1270): note: see declaration of 'scanf'
c:\users\ali\desktop\project_c\project_c\project_c.cpp(113): warning C4996: 'strcat': This function or variable may be unsafe. Consider using strcat_s instead. To disable deprecation, use _CRT_SECURE_NO_WARNINGS. See online help for details.
  c:\program files (x86)\windows kits\10\include\10.0.10240.0\ucrt\string.h(90): note: see declaration of 'strcat'
c:\users\ali\desktop\project_c\project_c\project_c.cpp(114): warning C4996: 'fopen': This function or variable may be unsafe. Consider using fopen_s instead. To disable deprecation, use _CRT_SECURE_NO_WARNINGS. See online help for details.
  c:\program files (x86)\windows kits\10\include\10.0.10240.0\ucrt\stdio.h(205): note: see declaration of 'fopen'
c:\users\ali\desktop\project_c\project_c\project_c.cpp(118): warning C4996: 'getch': The POSIX name for this item is deprecated. Instead, use the ISO C and C++ conformant name: _getch. See online help for details.
  c:\program files (x86)\windows kits\10\include\10.0.10240.0\ucrt\conio.h(452): note: see declaration of 'getch'
c:\users\ali\desktop\project_c\project_c\project_c.cpp(124): warning C4996: 'fscanf': This function or variable may be unsafe. Consider using fscanf_s instead. To disable deprecation, use _CRT_SECURE_NO_WARNINGS. See online help for details.
  c:\program files (x86)\windows kits\10\include\10.0.10240.0\ucrt\stdio.h(1193): note: see declaration of 'fscanf'
c:\users\ali\desktop\project_c\project_c\project_c.cpp(142): warning C4477: 'fscanf' : format string '%d' requires an argument of type 'int *', but variadic argument 3 has type 'unsigned char *'
  c:\users\ali\desktop\project_c\project_c\project_c.cpp(142): note: consider using '%hhd' in the format string
c:\users\ali\desktop\project_c\project_c\project_c.cpp(142): warning C4996: 'fscanf': This function or variable may be unsafe. Consider using fscanf_s instead. To disable deprecation, use _CRT_SECURE_NO_WARNINGS. See online help for details.
  c:\program files (x86)\windows kits\10\include\10.0.10240.0\ucrt\stdio.h(1193): note: see declaration of 'fscanf'
c:\users\ali\desktop\project_c\project_c\project_c.cpp(155): warning C4996: 'fscanf': This function or variable may be unsafe. Consider using fscanf_s instead. To disable deprecation, use _CRT_SECURE_NO_WARNINGS. See online help for details.
  c:\program files (x86)\windows kits\10\include\10.0.10240.0\ucrt\stdio.h(1193): note: see declaration of 'fscanf'
c:\users\ali\desktop\project_c\project_c\project_c.cpp(159): warning C4996: 'fscanf': This function or variable may be unsafe. Consider using fscanf_s instead. To disable deprecation, use _CRT_SECURE_NO_WARNINGS. See online help for details.
  c:\program files (x86)\windows kits\10\include\10.0.10240.0\ucrt\stdio.h(1193): note: see declaration of 'fscanf'
c:\users\ali\desktop\project_c\project_c\project_c.cpp(160): warning C4996: 'fscanf': This function or variable may be unsafe. Consider using fscanf_s instead. To disable deprecation, use _CRT_SECURE_NO_WARNINGS. See online help for details.
  c:\program files (x86)\windows kits\10\include\10.0.10240.0\ucrt\stdio.h(1193): note: see declaration of 'fscanf'
c:\users\ali\desktop\project_c\project_c\project_c.cpp(170): warning C4996: 'scanf': This function or variable may be unsafe. Consider using scanf_s instead. To disable deprecation, use _CRT_SECURE_NO_WARNINGS. See online help for details.
  c:\program files (x86)\windows kits\10\include\10.0.10240.0\ucrt\stdio.h(1270): note: see declaration of 'scanf'
c:\users\ali\desktop\project_c\project_c\project_c.cpp(171): warning C4996: 'strcat': This function or variable may be unsafe. Consider using strcat_s instead. To disable deprecation, use _CRT_SECURE_NO_WARNINGS. See online help for details.
  c:\program files (x86)\windows kits\10\include\10.0.10240.0\ucrt\string.h(90): note: see declaration of 'strcat'
c:\users\ali\desktop\project_c\project_c\project_c.cpp(172): warning C4996: 'fopen': This function or variable may be unsafe. Consider using fopen_s instead. To disable deprecation, use _CRT_SECURE_NO_WARNINGS. See online help for details.
  c:\program files (x86)\windows kits\10\include\10.0.10240.0\ucrt\stdio.h(205): note: see declaration of 'fopen'
c:\users\ali\desktop\project_c\project_c\project_c.cpp(176): warning C4996: 'getch': The POSIX name for this item is deprecated. Instead, use the ISO C and C++ conformant name: _getch. See online help for details.
  c:\program files (x86)\windows kits\10\include\10.0.10240.0\ucrt\conio.h(452): note: see declaration of 'getch'
c:\users\ali\desktop\project_c\project_c\project_c.cpp(99): warning C4101: 'b': unreferenced local variable
c:\users\ali\desktop\project_c\project_c\project_c.cpp(230): warning C4996: 'getch': The POSIX name for this item is deprecated. Instead, use the ISO C and C++ conformant name: _getch. See online help for details.
  c:\program files (x86)\windows kits\10\include\10.0.10240.0\ucrt\conio.h(452): note: see declaration of 'getch'
c:\users\ali\desktop\project_c\project_c\project_c.cpp(224): warning C4101: 'j': unreferenced local variable
c:\users\ali\desktop\project_c\project_c\project_c.cpp(224): warning C4101: 'i': unreferenced local variable
c:\users\ali\desktop\project_c\project_c\project_c.cpp(324): warning C4018: '<': signed/unsigned mismatch
c:\users\ali\desktop\project_c\project_c\project_c.cpp(275): warning C4996: 'getch': The POSIX name for this item is deprecated. Instead, use the ISO C and C++ conformant name: _getch. See online help for details.
  c:\program files (x86)\windows kits\10\include\10.0.10240.0\ucrt\conio.h(452): note: see declaration of 'getch'
c:\users\ali\desktop\project_c\project_c\project_c.cpp(316): warning C4996: 'getch': The POSIX name for this item is deprecated. Instead, use the ISO C and C++ conformant name: _getch. See online help for details.
  c:\program files (x86)\windows kits\10\include\10.0.10240.0\ucrt\conio.h(452): note: see declaration of 'getch'
  Project_C.vcxproj -> C:\Users\Ali\Desktop\Project_C\Debug\Project_C.exe
